read reference file : /home/harazono/human_genome/hg19_whole_genome.fa
finish reading reference file
reference chromosome are
==========
"chr1"
"chr2"
"chr3"
"chr4"
"chr5"
"chr6"
"chr7"
"chr8"
"chr9"
"chr10"
"chr11"
"chr12"
"chr13"
"chr14"
"chr15"
"chr16"
"chr17"
"chr18"
"chr19"
"chr20"
"chr21"
"chr22"
"chrX"
"chrY"
==========
12721,  130,  206,  139,    4,  358,   16,   34,    7,    0,  188,   65,   45,   64,    0,  247,   10,   40,   22,    0, 2293,   85,  160,   86, 1833, 
 135, 5817,   60,  454, 1122,    0,   70,    0,    0,    0,    0,  358,    6,   31,    0,    0,  101,   17,   55,    0,    0,  399,   44,   60,  412, 
 458,   50, 8069,  200, 2342,    0,    5,  150,    4,    0,    0,    0,  324,    0,    0,    0,    5,  322,   27,    0,    0,   19, 1020,   42,  605, 
  83,  365,  155, 10874, 1712,    0,   26,   12,  164,    0,    0,   92,   24,  313,    0,    0,    0,    0,  103,    0,    0,   34,  110,  498,  564, 
   0,  287,  316,  482,    1,    0,    0,    0,    0,    0,    0,    0,    0,    0,    0,    0,    0,    0,    0,    0,    0,    0,    0,    0,    0, 
 205,    0,    0,    0,    0, 8280,  100,  220,  151, 1674,  127,    0,   24,   34,    0,  967,    0,   61,   50,    0,  773,    0,   72,  126,  690, 
  20,  203,    3,   67,    0,  100, 5318,   51,  346,    1,    4,  105,    4,   15,    0,   28,  386,   22,  139,    0,   58, 1705,   26,  156,  850, 
  17,    0,   48,    4,    0,   52,   13,  864,   33,  276,    0,    0,   14,    0,    0,    6,    0,  107,   13,    0,    8,    0,  130,   19,  108, 
  31,    0,    3,  309,    0,  188,  353,   75, 7791, 2604,    2,    0,    4,   83,    0,    0,    0,    0,  552,    0,   29,    0,   24, 1148,  726, 
   0,    0,    0,    0,    0,  363,    1,  246,  393,    1,    0,    0,    0,    0,    0,    0,    0,    0,    0,    0,    0,    1,    0,    0,    0, 
 179,    0,    0,    0,    0,  139,    5,    0,    2,    0, 7952,   61,  118,   72, 1227,  218,    1,    0,   19,    0,  902,   25,    0,   29,  659, 
  76,  538,    0,   51,    0,    0,   52,    0,    0,    0,   44, 4747,   46,  475,  964,   42,   53,    0,   51,    0,  146,  373,    0,   88,  564, 
 113,    8,  402,   41,    0,   36,    5,  105,    4,    0,  226,   66, 5418,   90,    3,   35,    6,  219,   25,    0,  167,   34, 1911,   59,  944, 
  67,   31,    0,  550,    0,   44,    9,    0,   57,    0,   64,  381,   67, 6450, 1152,    0,    0,    0,  138,    0,  111,   41,    0,  529,  568, 
   0,    0,    0,    0,    0,    0,    0,    0,    0,    0,  257,  315,    1,  325,    0,    0,    0,    0,    0,    0,    0,    0,    0,    0,    0, 
 110,    0,    0,    0,    0,  670,   33,   18,    0,    0,  175,   34,   36,    0,    0, 8003,  130,  350,   91, 1607,  734,   86,   60,    0,  570, 
  20,  178,    3,    0,    0,    0,  184,    0,    0,    0,    2,   93,    4,    0,    0,  127, 7417,   82,  225, 2247,   28,  642,    4,    0,  489, 
  58,   25,  242,    0,    0,   60,   16,  498,    0,    0,    0,    0,  141,    0,    0,  570,   92, 8882,  172, 1988,  113,   92,  837,    0,  884, 
  48,   77,   14,  274,    0,   52,   81,   60,  391,    0,   12,   71,   14,  313,    0,  157,  173,  217, 14202,   10,   80,  225,   78, 2414, 1996, 
   0,    0,    0,    0,    0,    0,    0,    0,    0,    0,    0,    0,    0,    0,    0,  591,  372,  446,    1,    0,    0,    0,    0,    0,    0, 
 359,    0,    0,    0,    0,  211,    9,   11,    8,    0,  213,   49,   28,   29,    0,  156,    7,   27,   20,    0,    0,    0,    0,    0,    0, 
  29,  143,    3,   14,    0,    0,  242,    0,    0,    0,    8,  162,   16,   12,    0,   43,  213,   25,   92,    0,    0,    0,    0,    0,    0, 
  89,   10,  208,   49,    0,   27,    6,  150,    8,    0,    0,    0,  256,    0,    0,   21,    6,  191,   18,    0,    0,    0,    0,    0,    0, 
  25,   36,    7,  255,    0,   36,   28,   20,  210,    0,   20,   40,   11,  152,    0,    0,    0,    0,  383,    0,    0,    0,    0,    0,    0, 
 135,   51,   40,  107,    6,   88,   60,   31,   56,    4,   49,   74,   68,   63,    6,   81,   42,  106,  132,    5,    6,    2,    4,   10,   10, 
